<?xml version="1.0" encoding="UTF-8"?>
<!-- Generated by org.testng.reporters.JUnitReportReporter -->
<testsuite hostname="DESKTOP-NA5V5G2" failures="0" tests="1" name="variousConcepts.LearnTestng" time="8.234" errors="0" timestamp="28 Apr 2023 17:57:40 GMT" skipped="0">
  <testcase classname="variousConcepts.LearnTestng" name="addcustomer" time="8.234"/>
</testsuite> <!-- variousConcepts.LearnTestng -->
